\BOOKMARK [1][-]{section.1}{Introduction}{}% 1
\BOOKMARK [1][-]{section.2}{Voice Assistants and Triage}{}% 2
\BOOKMARK [2][-]{subsection.2.1}{Voice Assistants}{section.2}% 3
\BOOKMARK [2][-]{subsection.2.2}{Triage}{section.2}% 4
\BOOKMARK [2][-]{subsection.2.3}{Triage and COVID19}{section.2}% 5
\BOOKMARK [1][-]{section.3}{Mycroft}{}% 6
\BOOKMARK [2][-]{subsection.3.1}{Why Mycroft?}{section.3}% 7
\BOOKMARK [2][-]{subsection.3.2}{The Mycroft project}{section.3}% 8
\BOOKMARK [1][-]{section.4}{Skill Creation}{}% 9
\BOOKMARK [2][-]{subsection.4.1}{Skills file structure}{section.4}% 10
\BOOKMARK [2][-]{subsection.4.2}{hospital-triage-skill}{section.4}% 11
\BOOKMARK [2][-]{subsection.4.3}{The covid\137symptom decorator}{section.4}% 12
\BOOKMARK [2][-]{subsection.4.4}{Helpers}{section.4}% 13
\BOOKMARK [2][-]{subsection.4.5}{The exported data}{section.4}% 14
\BOOKMARK [2][-]{subsection.4.6}{Conversation example}{section.4}% 15
\BOOKMARK [1][-]{section.5}{Fallback skills and NLP}{}% 16
\BOOKMARK [2][-]{subsection.5.1}{Dataset}{section.5}% 17
\BOOKMARK [2][-]{subsection.5.2}{Dataset translation}{section.5}% 18
\BOOKMARK [2][-]{subsection.5.3}{Classifier training}{section.5}% 19
\BOOKMARK [2][-]{subsection.5.4}{Data preparation and training}{section.5}% 20
\BOOKMARK [2][-]{subsection.5.5}{Fallback skills creation}{section.5}% 21
\BOOKMARK [1][-]{section.6}{Information retrieval}{}% 22
\BOOKMARK [2][-]{subsection.6.1}{Data source}{section.6}% 23
\BOOKMARK [2][-]{subsection.6.2}{Integration of the data into the voice assistant}{section.6}% 24
\BOOKMARK [1][-]{section.7}{Applicability and technical requirements}{}% 25
\BOOKMARK [1][-]{section.8}{Conclusions}{}% 26
\BOOKMARK [1][-]{section.9}{Source code}{}% 27
\BOOKMARK [1][-]{section*.1}{References}{}% 28
